Log file open, 09/25/19 00:51:37
LogWindows: Failed to load 'aqProf.dll' (GetLastError=126)
LogWindows: File 'aqProf.dll' does not exist
LogWindows: Failed to load 'VtuneApi.dll' (GetLastError=126)
LogWindows: File 'VtuneApi.dll' does not exist
LogWindows: Failed to load 'VtuneApi32e.dll' (GetLastError=126)
LogWindows: File 'VtuneApi32e.dll' does not exist
LogConsoleResponse: Display: Failed to find resolution value strings in scalability ini. Falling back to default.
LogInit: Display: Running engine for game: YRTPProject
LogPakFile: Registered encryption key '00000000000000000000000000000000': 0 pak files mounted, 0 remain pending
LogPlatformFile: Not using cached read wrapper
LogTaskGraph: Started task graph with 5 named threads and 23 total threads with 3 sets of task threads.
LogStats: Stats thread started at 0.278811
LogD3D11RHI: Loaded GFSDK_Aftermath_Lib.x64.dll
LogICUInternationalization: ICU TimeZone Detection - Raw Offset: -5:00, Platform Override: ''
LogPluginManager: Mounting plugin Paper2D
LogPluginManager: Mounting plugin AISupport
LogPluginManager: Mounting plugin LightPropagationVolume
LogPluginManager: Mounting plugin ActorLayerUtilities
LogPluginManager: Mounting plugin AnimationSharing
LogPluginManager: Mounting plugin CLionSourceCodeAccess
LogPluginManager: Mounting plugin CodeLiteSourceCodeAccess
LogPluginManager: Mounting plugin GitSourceControl
LogPluginManager: Mounting plugin KDevelopSourceCodeAccess
LogPluginManager: Mounting plugin NullSourceCodeAccess
LogPluginManager: Mounting plugin PerforceSourceControl
LogPluginManager: Mounting plugin SubversionSourceControl
LogPluginManager: Mounting plugin UObjectPlugin
LogPluginManager: Mounting plugin VisualStudioCodeSourceCodeAccess
LogPluginManager: Mounting plugin VisualStudioSourceCodeAccess
LogPluginManager: Mounting plugin XCodeSourceCodeAccess
LogPluginManager: Mounting plugin AssetManagerEditor
LogPluginManager: Mounting plugin CryptoKeys
LogPluginManager: Mounting plugin DataValidation
LogPluginManager: Mounting plugin FacialAnimation
LogPluginManager: Mounting plugin GameplayTagsEditor
LogPluginManager: Mounting plugin MacGraphicsSwitching
LogPluginManager: Mounting plugin MaterialAnalyzer
LogPluginManager: Mounting plugin MobileLauncherProfileWizard
LogPluginManager: Mounting plugin PluginBrowser
LogPluginManager: Mounting plugin SpeedTreeImporter
LogPluginManager: Mounting plugin DatasmithContent
LogPluginManager: Mounting plugin VariantManagerContent
LogPluginManager: Mounting plugin AlembicImporter
LogPluginManager: Mounting plugin AppleImageUtils
LogPluginManager: Mounting plugin AppleVision
LogPluginManager: Mounting plugin BackChannel
LogPluginManager: Mounting plugin CharacterAI
LogPluginManager: Mounting plugin GeometryCache
LogPluginManager: Mounting plugin HTML5Networking
LogPluginManager: Mounting plugin ProxyLODPlugin
LogPluginManager: Mounting plugin SkeletalReduction
LogPluginManager: Mounting plugin MagicLeap
LogPluginManager: Mounting plugin MagicLeapMedia
LogPluginManager: Mounting plugin AndroidMedia
LogPluginManager: Mounting plugin AvfMedia
LogPluginManager: Mounting plugin ImgMedia
LogPluginManager: Mounting plugin LinearTimecode
LogPluginManager: Mounting plugin MediaCompositing
LogPluginManager: Mounting plugin MediaPlayerEditor
LogPluginManager: Mounting plugin WebMMedia
LogPluginManager: Mounting plugin WmfMedia
LogPluginManager: Mounting plugin TcpMessaging
LogPluginManager: Mounting plugin UdpMessaging
LogPluginManager: Mounting plugin ActorSequence
LogPluginManager: Mounting plugin LevelSequenceEditor
LogPluginManager: Mounting plugin MatineeToLevelSequence
LogPluginManager: Mounting plugin NetcodeUnitTest
LogPluginManager: Mounting plugin NUTUnrealEngine4
LogPluginManager: Mounting plugin OnlineSubsystemGooglePlay
LogPluginManager: Mounting plugin OnlineSubsystemIOS
LogPluginManager: Mounting plugin OnlineSubsystem
LogPluginManager: Mounting plugin OnlineSubsystemNull
LogPluginManager: Mounting plugin OnlineSubsystemUtils
LogPluginManager: Mounting plugin LauncherChunkInstaller
LogPluginManager: Mounting plugin AndroidDeviceProfileSelector
LogPluginManager: Mounting plugin AndroidMoviePlayer
LogPluginManager: Mounting plugin AndroidPermission
LogPluginManager: Mounting plugin AppleMoviePlayer
LogPluginManager: Mounting plugin ArchVisCharacter
LogPluginManager: Mounting plugin AudioCapture
LogPluginManager: Mounting plugin CableComponent
LogPluginManager: Mounting plugin CustomMeshComponent
LogPluginManager: Mounting plugin EditableMesh
LogPluginManager: Mounting plugin ExampleDeviceProfileSelector
LogPluginManager: Mounting plugin Firebase
LogPluginManager: Mounting plugin GoogleCloudMessaging
LogPluginManager: Mounting plugin IOSDeviceProfileSelector
LogPluginManager: Mounting plugin LinuxDeviceProfileSelector
LogPluginManager: Mounting plugin LocationServicesBPLibrary
LogPluginManager: Mounting plugin MobilePatchingUtils
LogPluginManager: Mounting plugin OculusVR
LogPluginManager: Mounting plugin PhysXVehicles
LogPluginManager: Mounting plugin ProceduralMeshComponent
LogPluginManager: Mounting plugin RuntimePhysXCooking
LogPluginManager: Mounting plugin SignificanceManager
LogPluginManager: Mounting plugin SteamVR
LogPluginManager: Mounting plugin WebMMoviePlayer
LogPluginManager: Mounting plugin WindowsMoviePlayer
LogInit: Using libcurl 7.55.1-DEV
LogInit:  - built for x86_64-pc-win32
LogInit:  - supports SSL with OpenSSL/1.1.1
LogInit:  - supports HTTP deflate (compression) using libz 1.2.8
LogInit:  - other features:
LogInit:      CURL_VERSION_SSL
LogInit:      CURL_VERSION_LIBZ
LogInit:      CURL_VERSION_IPV6
LogInit:      CURL_VERSION_ASYNCHDNS
LogInit:      CURL_VERSION_LARGEFILE
LogInit:      CURL_VERSION_IDN
LogInit:  CurlRequestOptions (configurable via config and command line):
LogInit:  - bVerifyPeer = true  - Libcurl will verify peer certificate
LogInit:  - bUseHttpProxy = false  - Libcurl will NOT use HTTP proxy
LogInit:  - bDontReuseConnections = false  - Libcurl will reuse connections
LogInit:  - MaxHostConnections = 16  - Libcurl will limit the number of connections to a host
LogInit:  - LocalHostAddr = Default
LogInit:  - BufferSize = 65536
LogInit: WinSock: version 1.1 (2.2), MaxSocks=32767, MaxUdp=65467
LogInit: Build: ++UE4+Release-4.22-CL-7053642
LogInit: Engine Version: 4.22.3-7053642+++UE4+Release-4.22
LogInit: Compatible Engine Version: 4.22.0-5660361+++UE4+Release-4.22
LogInit: Net CL: 5660361
LogInit: OS: Windows 10 (Release 1903) (), CPU: Intel(R) Core(TM) i7-7700HQ CPU @ 2.80GHz, GPU: Intel(R) HD Graphics 630
LogInit: Compiled (64-bit): Jun 18 2019 03:09:11
LogInit: Compiled with Visual C++: 19.16.27025.01
LogInit: Build Configuration: Development
LogInit: Branch Name: ++UE4+Release-4.22
LogInit: Command Line: 
LogInit: Base Directory: D:/UE_4.22/Engine/Binaries/Win64/
LogInit: Installed Engine Build: 1
LogDevObjectVersion: Number of dev versions registered: 23
LogDevObjectVersion:   Dev-Blueprints (B0D832E4-1F89-4F0D-ACCF-7EB736FD4AA2): 10
LogDevObjectVersion:   Dev-Build (E1C64328-A22C-4D53-A36C-8E866417BD8C): 0
LogDevObjectVersion:   Dev-Core (375EC13C-06E4-48FB-B500-84F0262A717E): 3
LogDevObjectVersion:   Dev-Editor (E4B068ED-F494-42E9-A231-DA0B2E46BB41): 30
LogDevObjectVersion:   Dev-Framework (CFFC743F-43B0-4480-9391-14DF171D2073): 35
LogDevObjectVersion:   Dev-Mobile (B02B49B5-BB20-44E9-A304-32B752E40360): 2
LogDevObjectVersion:   Dev-Networking (A4E4105C-59A1-49B5-A7C5-40C4547EDFEE): 0
LogDevObjectVersion:   Dev-Online (39C831C9-5AE6-47DC-9A44-9C173E1C8E7C): 0
LogDevObjectVersion:   Dev-Physics (78F01B33-EBEA-4F98-B9B4-84EACCB95AA2): 0
LogDevObjectVersion:   Dev-Platform (6631380F-2D4D-43E0-8009-CF276956A95A): 0
LogDevObjectVersion:   Dev-Rendering (12F88B9F-8875-4AFC-A67C-D90C383ABD29): 28
LogDevObjectVersion:   Dev-Sequencer (7B5AE74C-D270-4C10-A958-57980B212A5A): 11
LogDevObjectVersion:   Dev-VR (D7296918-1DD6-4BDD-9DE2-64A83CC13884): 2
LogDevObjectVersion:   Dev-LoadTimes (C2A15278-BFE7-4AFE-6C17-90FF531DF755): 1
LogDevObjectVersion:   Private-Geometry (6EACA3D4-40EC-4CC1-B786-8BED09428FC5): 3
LogDevObjectVersion:   Dev-AnimPhys (29E575DD-E0A3-4627-9D10-D276232CDCEA): 17
LogDevObjectVersion:   Dev-Anim (AF43A65D-7FD3-4947-9873-3E8ED9C1BB05): 2
LogDevObjectVersion:   Dev-ReflectionCapture (6B266CEC-1EC7-4B8F-A30B-E4D90942FC07): 1
LogDevObjectVersion:   Dev-Automation (0DF73D61-A23F-47EA-B727-89E90C41499A): 1
LogDevObjectVersion:   FortniteMain (601D1886-AC64-4F84-AA16-D3DE0DEAC7D6): 25
LogDevObjectVersion:   Dev-Enterprise (9DFFBCD6-494F-0158-E221-12823C92A888): 6
LogDevObjectVersion:   Dev-Niagara (F2AED0AC-9AFE-416F-8664-AA7FFA26D6FC): 1
LogDevObjectVersion:   Dev-Destruction (174F1F0B-B4C6-45A5-B13F-2EE8D0FB917D): 2
LogInit: Presizing for max 16777216 objects, including 0 objects not considered by GC, pre-allocating 0 bytes for permanent pool.
LogInit: Object subsystem initialized
LogConfig: Setting CVar [[con.DebugEarlyDefault:1]]
LogConfig: Setting CVar [[r.setres:1280x720]]
[2019.09.25-04.51.37:420][  0]LogConfig: Setting CVar [[r.VSync:0]]
[2019.09.25-04.51.37:420][  0]LogConfig: Setting CVar [[r.RHICmdBypass:0]]
[2019.09.25-04.51.37:420][  0]LogConfig: Applying CVar settings from Section [/Script/Engine.RendererSettings] File [D:/Session Automne 2019/Moteur de Jeu III/Exercices Unreal/YRTPProject/Saved/Config/Windows/Engine.ini]
[2019.09.25-04.51.37:420][  0]LogConfig: Setting CVar [[r.GPUCrashDebugging:0]]
[2019.09.25-04.51.37:420][  0]LogConfig: Applying CVar settings from Section [/Script/Engine.RendererOverrideSettings] File [D:/Session Automne 2019/Moteur de Jeu III/Exercices Unreal/YRTPProject/Saved/Config/Windows/Engine.ini]
[2019.09.25-04.51.37:420][  0]LogConfig: Applying CVar settings from Section [/Script/Engine.StreamingSettings] File [D:/Session Automne 2019/Moteur de Jeu III/Exercices Unreal/YRTPProject/Saved/Config/Windows/Engine.ini]
[2019.09.25-04.51.37:420][  0]LogConfig: Setting CVar [[s.MinBulkDataSizeForAsyncLoading:131072]]
[2019.09.25-04.51.37:420][  0]LogConfig: Setting CVar [[s.AsyncLoadingThreadEnabled:0]]
[2019.09.25-04.51.37:420][  0]LogConfig: Setting CVar [[s.EventDrivenLoaderEnabled:1]]
[2019.09.25-04.51.37:421][  0]LogConfig: Setting CVar [[s.WarnIfTimeLimitExceeded:0]]
[2019.09.25-04.51.37:421][  0]LogConfig: Setting CVar [[s.TimeLimitExceededMultiplier:1.5]]
[2019.09.25-04.51.37:421][  0]LogConfig: Setting CVar [[s.TimeLimitExceededMinTime:0.005]]
[2019.09.25-04.51.37:421][  0]LogConfig: Setting CVar [[s.UseBackgroundLevelStreaming:1]]
[2019.09.25-04.51.37:421][  0]LogConfig: Setting CVar [[s.PriorityAsyncLoadingExtraTime:15.0]]
[2019.09.25-04.51.37:421][  0]LogConfig: Setting CVar [[s.LevelStreamingActorsUpdateTimeLimit:5.0]]
[2019.09.25-04.51.37:421][  0]LogConfig: Setting CVar [[s.PriorityLevelStreamingActorsUpdateExtraTime:5.0]]
[2019.09.25-04.51.37:421][  0]LogConfig: Setting CVar [[s.LevelStreamingComponentsRegistrationGranularity:10]]
[2019.09.25-04.51.37:421][  0]LogConfig: Setting CVar [[s.UnregisterComponentsTimeLimit:1.0]]
[2019.09.25-04.51.37:421][  0]LogConfig: Setting CVar [[s.LevelStreamingComponentsUnregistrationGranularity:5]]
[2019.09.25-04.51.37:421][  0]LogConfig: Applying CVar settings from Section [/Script/Engine.GarbageCollectionSettings] File [D:/Session Automne 2019/Moteur de Jeu III/Exercices Unreal/YRTPProject/Saved/Config/Windows/Engine.ini]
[2019.09.25-04.51.37:421][  0]LogConfig: Setting CVar [[gc.MaxObjectsNotConsideredByGC:1]]
[2019.09.25-04.51.37:421][  0]LogConfig: Setting CVar [[gc.SizeOfPermanentObjectPool:0]]
[2019.09.25-04.51.37:421][  0]LogConfig: Setting CVar [[gc.FlushStreamingOnGC:0]]
[2019.09.25-04.51.37:421][  0]LogConfig: Setting CVar [[gc.NumRetriesBeforeForcingGC:10]]
[2019.09.25-04.51.37:421][  0]LogConfig: Setting CVar [[gc.AllowParallelGC:1]]
[2019.09.25-04.51.37:421][  0]LogConfig: Setting CVar [[gc.TimeBetweenPurgingPendingKillObjects:61.1]]
[2019.09.25-04.51.37:421][  0]LogConfig: Setting CVar [[gc.MaxObjectsInEditor:16777216]]
[2019.09.25-04.51.37:421][  0]LogConfig: Setting CVar [[gc.IncrementalBeginDestroyEnabled:1]]
[2019.09.25-04.51.37:421][  0]LogConfig: Setting CVar [[gc.CreateGCClusters:1]]
[2019.09.25-04.51.37:421][  0]LogConfig: Setting CVar [[gc.MinGCClusterSize:5]]
[2019.09.25-04.51.37:421][  0]LogConfig: Setting CVar [[gc.ActorClusteringEnabled:0]]
[2019.09.25-04.51.37:421][  0]LogConfig: Setting CVar [[gc.BlueprintClusteringEnabled:0]]
[2019.09.25-04.51.37:421][  0]LogConfig: Setting CVar [[gc.UseDisregardForGCOnDedicatedServers:0]]
[2019.09.25-04.51.37:421][  0]LogConfig: Applying CVar settings from Section [/Script/Engine.NetworkSettings] File [D:/Session Automne 2019/Moteur de Jeu III/Exercices Unreal/YRTPProject/Saved/Config/Windows/Engine.ini]
[2019.09.25-04.51.37:421][  0]LogConfig: Applying CVar settings from Section [/Script/UnrealEd.CookerSettings] File [D:/Session Automne 2019/Moteur de Jeu III/Exercices Unreal/YRTPProject/Saved/Config/Windows/Engine.ini]
[2019.09.25-04.51.37:423][  0]LogConfig: Applying CVar settings from Section [ViewDistanceQuality@3] File [D:/Session Automne 2019/Moteur de Jeu III/Exercices Unreal/YRTPProject/Saved/Config/Windows/Scalability.ini]
[2019.09.25-04.51.37:423][  0]LogConfig: Setting CVar [[r.SkeletalMeshLODBias:0]]
[2019.09.25-04.51.37:423][  0]LogConfig: Setting CVar [[r.ViewDistanceScale:1.0]]
[2019.09.25-04.51.37:423][  0]LogConfig: Applying CVar settings from Section [AntiAliasingQuality@3] File [D:/Session Automne 2019/Moteur de Jeu III/Exercices Unreal/YRTPProject/Saved/Config/Windows/Scalability.ini]
[2019.09.25-04.51.37:423][  0]LogConfig: Setting CVar [[r.PostProcessAAQuality:4]]
[2019.09.25-04.51.37:423][  0]LogConfig: Applying CVar settings from Section [ShadowQuality@3] File [D:/Session Automne 2019/Moteur de Jeu III/Exercices Unreal/YRTPProject/Saved/Config/Windows/Scalability.ini]
[2019.09.25-04.51.37:423][  0]LogConfig: Setting CVar [[r.LightFunctionQuality:1]]
[2019.09.25-04.51.37:423][  0]LogConfig: Setting CVar [[r.ShadowQuality:5]]
[2019.09.25-04.51.37:423][  0]LogConfig: Setting CVar [[r.Shadow.CSM.MaxCascades:10]]
[2019.09.25-04.51.37:423][  0]LogConfig: Setting CVar [[r.Shadow.MaxResolution:2048]]
[2019.09.25-04.51.37:423][  0]LogConfig: Setting CVar [[r.Shadow.MaxCSMResolution:2048]]
[2019.09.25-04.51.37:423][  0]LogConfig: Setting CVar [[r.Shadow.RadiusThreshold:0.01]]
[2019.09.25-04.51.37:423][  0]LogConfig: Setting CVar [[r.Shadow.DistanceScale:1.0]]
[2019.09.25-04.51.37:424][  0]LogConfig: Setting CVar [[r.Shadow.CSM.TransitionScale:1.0]]
[2019.09.25-04.51.37:424][  0]LogConfig: Setting CVar [[r.Shadow.PreShadowResolutionFactor:1.0]]
[2019.09.25-04.51.37:424][  0]LogConfig: Setting CVar [[r.DistanceFieldShadowing:1]]
[2019.09.25-04.51.37:424][  0]LogConfig: Setting CVar [[r.DistanceFieldAO:1]]
[2019.09.25-04.51.37:424][  0]LogConfig: Setting CVar [[r.AOQuality:2]]
[2019.09.25-04.51.37:424][  0]LogConfig: Setting CVar [[r.VolumetricFog:1]]
[2019.09.25-04.51.37:424][  0]LogConfig: Setting CVar [[r.VolumetricFog.GridPixelSize:8]]
[2019.09.25-04.51.37:424][  0]LogConfig: Setting CVar [[r.VolumetricFog.GridSizeZ:128]]
[2019.09.25-04.51.37:424][  0]LogConfig: Setting CVar [[r.VolumetricFog.HistoryMissSupersampleCount:4]]
[2019.09.25-04.51.37:424][  0]LogConfig: Setting CVar [[r.LightMaxDrawDistanceScale:1]]
[2019.09.25-04.51.37:424][  0]LogConfig: Setting CVar [[r.CapsuleShadows:1]]
[2019.09.25-04.51.37:424][  0]LogConfig: Applying CVar settings from Section [PostProcessQuality@3] File [D:/Session Automne 2019/Moteur de Jeu III/Exercices Unreal/YRTPProject/Saved/Config/Windows/Scalability.ini]
[2019.09.25-04.51.37:424][  0]LogConfig: Setting CVar [[r.MotionBlurQuality:4]]
[2019.09.25-04.51.37:424][  0]LogConfig: Setting CVar [[r.AmbientOcclusionMipLevelFactor:0.4]]
[2019.09.25-04.51.37:424][  0]LogConfig: Setting CVar [[r.AmbientOcclusionMaxQuality:100]]
[2019.09.25-04.51.37:424][  0]LogConfig: Setting CVar [[r.AmbientOcclusionLevels:-1]]
[2019.09.25-04.51.37:424][  0]LogConfig: Setting CVar [[r.AmbientOcclusionRadiusScale:1.0]]
[2019.09.25-04.51.37:424][  0]LogConfig: Setting CVar [[r.DepthOfFieldQuality:2]]
[2019.09.25-04.51.37:424][  0]LogConfig: Setting CVar [[r.RenderTargetPoolMin:400]]
[2019.09.25-04.51.37:424][  0]LogConfig: Setting CVar [[r.LensFlareQuality:2]]
[2019.09.25-04.51.37:424][  0]LogConfig: Setting CVar [[r.SceneColorFringeQuality:1]]
[2019.09.25-04.51.37:424][  0]LogConfig: Setting CVar [[r.EyeAdaptationQuality:2]]
[2019.09.25-04.51.37:424][  0]LogConfig: Setting CVar [[r.BloomQuality:5]]
[2019.09.25-04.51.37:424][  0]LogConfig: Setting CVar [[r.FastBlurThreshold:100]]
[2019.09.25-04.51.37:424][  0]LogConfig: Setting CVar [[r.Upscale.Quality:3]]
[2019.09.25-04.51.37:424][  0]LogConfig: Setting CVar [[r.Tonemapper.GrainQuantization:1]]
[2019.09.25-04.51.37:424][  0]LogConfig: Setting CVar [[r.LightShaftQuality:1]]
[2019.09.25-04.51.37:424][  0]LogConfig: Setting CVar [[r.Filter.SizeScale:1]]
[2019.09.25-04.51.37:424][  0]LogConfig: Setting CVar [[r.Tonemapper.Quality:5]]
[2019.09.25-04.51.37:424][  0]LogConfig: Setting CVar [[r.DOF.Gather.AccumulatorQuality:1        ; higher gathering accumulator quality]]
[2019.09.25-04.51.37:424][  0]LogConfig: Setting CVar [[r.DOF.Gather.PostfilterMethod:1          ; Median3x3 postfilering method]]
[2019.09.25-04.51.37:424][  0]LogConfig: Setting CVar [[r.DOF.Gather.EnableBokehSettings:0       ; no bokeh simulation when gathering]]
[2019.09.25-04.51.37:424][  0]LogConfig: Setting CVar [[r.DOF.Gather.RingCount:4                 ; medium number of samples when gathering]]
[2019.09.25-04.51.37:424][  0]LogConfig: Setting CVar [[r.DOF.Scatter.ForegroundCompositing:1    ; additive foreground scattering]]
[2019.09.25-04.51.37:424][  0]LogConfig: Setting CVar [[r.DOF.Scatter.BackgroundCompositing:2    ; additive background scattering]]
[2019.09.25-04.51.37:424][  0]LogConfig: Setting CVar [[r.DOF.Scatter.EnableBokehSettings:1      ; bokeh simulation when scattering]]
[2019.09.25-04.51.37:424][  0]LogConfig: Setting CVar [[r.DOF.Scatter.MaxSpriteRatio:0.1         ; only a maximum of 10% of scattered bokeh]]
[2019.09.25-04.51.37:424][  0]LogConfig: Setting CVar [[r.DOF.Recombine.Quality:1                ; cheap slight out of focus]]
[2019.09.25-04.51.37:424][  0]LogConfig: Setting CVar [[r.DOF.Recombine.EnableBokehSettings:0    ; no bokeh simulation on slight out of focus]]
[2019.09.25-04.51.37:424][  0]LogConfig: Setting CVar [[r.DOF.TemporalAAQuality:1                ; more stable temporal accumulation]]
[2019.09.25-04.51.37:424][  0]LogConfig: Setting CVar [[r.DOF.Kernel.MaxForegroundRadius:0.025]]
[2019.09.25-04.51.37:424][  0]LogConfig: Setting CVar [[r.DOF.Kernel.MaxBackgroundRadius:0.025]]
[2019.09.25-04.51.37:424][  0]LogConfig: Applying CVar settings from Section [TextureQuality@3] File [D:/Session Automne 2019/Moteur de Jeu III/Exercices Unreal/YRTPProject/Saved/Config/Windows/Scalability.ini]
[2019.09.25-04.51.37:424][  0]LogConfig: Setting CVar [[r.Streaming.MipBias:0]]
[2019.09.25-04.51.37:424][  0]LogConfig: Setting CVar [[r.Streaming.AmortizeCPUToGPUCopy:0]]
[2019.09.25-04.51.37:424][  0]LogConfig: Setting CVar [[r.Streaming.MaxNumTexturesToStreamPerFrame:0]]
[2019.09.25-04.51.37:424][  0]LogConfig: Setting CVar [[r.Streaming.Boost:1]]
[2019.09.25-04.51.37:424][  0]LogConfig: Setting CVar [[r.MaxAnisotropy:8]]
[2019.09.25-04.51.37:424][  0]LogConfig: Setting CVar [[r.Streaming.LimitPoolSizeToVRAM:0]]
[2019.09.25-04.51.37:424][  0]LogConfig: Setting CVar [[r.Streaming.PoolSize:1000]]
[2019.09.25-04.51.37:424][  0]LogConfig: Setting CVar [[r.Streaming.MaxEffectiveScreenSize:0]]
[2019.09.25-04.51.37:424][  0]LogConfig: Applying CVar settings from Section [EffectsQuality@3] File [D:/Session Automne 2019/Moteur de Jeu III/Exercices Unreal/YRTPProject/Saved/Config/Windows/Scalability.ini]
[2019.09.25-04.51.37:424][  0]LogConfig: Setting CVar [[r.TranslucencyLightingVolumeDim:64]]
[2019.09.25-04.51.37:424][  0]LogConfig: Setting CVar [[r.RefractionQuality:2]]
[2019.09.25-04.51.37:424][  0]LogConfig: Setting CVar [[r.SSR.Quality:3]]
[2019.09.25-04.51.37:424][  0]LogConfig: Setting CVar [[r.SceneColorFormat:4]]
[2019.09.25-04.51.37:424][  0]LogConfig: Setting CVar [[r.DetailMode:2]]
[2019.09.25-04.51.37:424][  0]LogConfig: Setting CVar [[r.TranslucencyVolumeBlur:1]]
[2019.09.25-04.51.37:424][  0]LogConfig: Setting CVar [[r.MaterialQualityLevel:1 ; High quality]]
[2019.09.25-04.51.37:424][  0]LogConfig: Setting CVar [[r.SSS.Scale:1]]
[2019.09.25-04.51.37:424][  0]LogConfig: Setting CVar [[r.SSS.SampleSet:2]]
[2019.09.25-04.51.37:424][  0]LogConfig: Setting CVar [[r.SSS.Quality:1]]
[2019.09.25-04.51.37:425][  0]LogConfig: Setting CVar [[r.SSS.HalfRes:1]]
[2019.09.25-04.51.37:425][  0]LogConfig: Setting CVar [[r.EmitterSpawnRateScale:1.0]]
[2019.09.25-04.51.37:425][  0]LogConfig: Setting CVar [[r.ParticleLightQuality:2]]
[2019.09.25-04.51.37:425][  0]LogConfig: Applying CVar settings from Section [FoliageQuality@3] File [D:/Session Automne 2019/Moteur de Jeu III/Exercices Unreal/YRTPProject/Saved/Config/Windows/Scalability.ini]
[2019.09.25-04.51.37:425][  0]LogConfig: Setting CVar [[foliage.DensityScale:1.0]]
[2019.09.25-04.51.37:425][  0]LogConfig: Setting CVar [[grass.DensityScale:1.0]]
[2019.09.25-04.51.37:425][  0]LogInit: Selected Device Profile: [Windows]
[2019.09.25-04.51.37:425][  0]LogInit: Applying CVar settings loaded from the selected device profile: [Windows]
[2019.09.25-04.51.37:444][  0]LogHAL: Display: Platform has ~ 12 GB [12760174592 / 17179869184 / 12], which maps to Larger [LargestMinGB=32, LargerMinGB=12, DefaultMinGB=8, SmallerMinGB=6, SmallestMinGB=0)
[2019.09.25-04.51.37:444][  0]LogConfig: Setting CVar [[r.Vulkan.UseRealUBs:0		; Required until we fix HLR fall-out]]
[2019.09.25-04.51.37:444][  0]LogInit: Going up to parent DeviceProfile []
[2019.09.25-04.51.37:444][  0]LogConfig: Applying CVar settings from Section [ViewDistanceQuality@3] File [D:/Session Automne 2019/Moteur de Jeu III/Exercices Unreal/YRTPProject/Saved/Config/Windows/Scalability.ini]
[2019.09.25-04.51.37:444][  0]LogConfig: Setting CVar [[r.SkeletalMeshLODBias:0]]
[2019.09.25-04.51.37:444][  0]LogConfig: Setting CVar [[r.ViewDistanceScale:1.0]]
[2019.09.25-04.51.37:444][  0]LogConfig: Applying CVar settings from Section [AntiAliasingQuality@3] File [D:/Session Automne 2019/Moteur de Jeu III/Exercices Unreal/YRTPProject/Saved/Config/Windows/Scalability.ini]
[2019.09.25-04.51.37:444][  0]LogConfig: Setting CVar [[r.PostProcessAAQuality:4]]
[2019.09.25-04.51.37:444][  0]LogConfig: Applying CVar settings from Section [ShadowQuality@3] File [D:/Session Automne 2019/Moteur de Jeu III/Exercices Unreal/YRTPProject/Saved/Config/Windows/Scalability.ini]
[2019.09.25-04.51.37:444][  0]LogConfig: Setting CVar [[r.LightFunctionQuality:1]]
[2019.09.25-04.51.37:444][  0]LogConfig: Setting CVar [[r.ShadowQuality:5]]
[2019.09.25-04.51.37:444][  0]LogConfig: Setting CVar [[r.Shadow.CSM.MaxCascades:10]]
[2019.09.25-04.51.37:444][  0]LogConfig: Setting CVar [[r.Shadow.MaxResolution:2048]]
[2019.09.25-04.51.37:444][  0]LogConfig: Setting CVar [[r.Shadow.MaxCSMResolution:2048]]
[2019.09.25-04.51.37:444][  0]LogConfig: Setting CVar [[r.Shadow.RadiusThreshold:0.01]]
[2019.09.25-04.51.37:444][  0]LogConfig: Setting CVar [[r.Shadow.DistanceScale:1.0]]
[2019.09.25-04.51.37:444][  0]LogConfig: Setting CVar [[r.Shadow.CSM.TransitionScale:1.0]]
[2019.09.25-04.51.37:444][  0]LogConfig: Setting CVar [[r.Shadow.PreShadowResolutionFactor:1.0]]
[2019.09.25-04.51.37:444][  0]LogConfig: Setting CVar [[r.DistanceFieldShadowing:1]]
[2019.09.25-04.51.37:444][  0]LogConfig: Setting CVar [[r.DistanceFieldAO:1]]
[2019.09.25-04.51.37:444][  0]LogConfig: Setting CVar [[r.AOQuality:2]]
[2019.09.25-04.51.37:444][  0]LogConfig: Setting CVar [[r.VolumetricFog:1]]
[2019.09.25-04.51.37:444][  0]LogConfig: Setting CVar [[r.VolumetricFog.GridPixelSize:8]]
[2019.09.25-04.51.37:444][  0]LogConfig: Setting CVar [[r.VolumetricFog.GridSizeZ:128]]
[2019.09.25-04.51.37:444][  0]LogConfig: Setting CVar [[r.VolumetricFog.HistoryMissSupersampleCount:4]]
[2019.09.25-04.51.37:444][  0]LogConfig: Setting CVar [[r.LightMaxDrawDistanceScale:1]]
[2019.09.25-04.51.37:444][  0]LogConfig: Setting CVar [[r.CapsuleShadows:1]]
[2019.09.25-04.51.37:444][  0]LogConfig: Applying CVar settings from Section [PostProcessQuality@3] File [D:/Session Automne 2019/Moteur de Jeu III/Exercices Unreal/YRTPProject/Saved/Config/Windows/Scalability.ini]
[2019.09.25-04.51.37:444][  0]LogConfig: Setting CVar [[r.MotionBlurQuality:4]]
[2019.09.25-04.51.37:444][  0]LogConfig: Setting CVar [[r.AmbientOcclusionMipLevelFactor:0.4]]
[2019.09.25-04.51.37:444][  0]LogConfig: Setting CVar [[r.AmbientOcclusionMaxQuality:100]]
[2019.09.25-04.51.37:444][  0]LogConfig: Setting CVar [[r.AmbientOcclusionLevels:-1]]
[2019.09.25-04.51.37:444][  0]LogConfig: Setting CVar [[r.AmbientOcclusionRadiusScale:1.0]]
[2019.09.25-04.51.37:444][  0]LogConfig: Setting CVar [[r.DepthOfFieldQuality:2]]
[2019.09.25-04.51.37:444][  0]LogConfig: Setting CVar [[r.RenderTargetPoolMin:400]]
[2019.09.25-04.51.37:444][  0]LogConfig: Setting CVar [[r.LensFlareQuality:2]]
[2019.09.25-04.51.37:444][  0]LogConfig: Setting CVar [[r.SceneColorFringeQuality:1]]
[2019.09.25-04.51.37:444][  0]LogConfig: Setting CVar [[r.EyeAdaptationQuality:2]]
[2019.09.25-04.51.37:444][  0]LogConfig: Setting CVar [[r.BloomQuality:5]]
[2019.09.25-04.51.37:444][  0]LogConfig: Setting CVar [[r.FastBlurThreshold:100]]
[2019.09.25-04.51.37:444][  0]LogConfig: Setting CVar [[r.Upscale.Quality:3]]
[2019.09.25-04.51.37:444][  0]LogConfig: Setting CVar [[r.Tonemapper.GrainQuantization:1]]
[2019.09.25-04.51.37:444][  0]LogConfig: Setting CVar [[r.LightShaftQuality:1]]
[2019.09.25-04.51.37:444][  0]LogConfig: Setting CVar [[r.Filter.SizeScale:1]]
[2019.09.25-04.51.37:444][  0]LogConfig: Setting CVar [[r.Tonemapper.Quality:5]]
[2019.09.25-04.51.37:444][  0]LogConfig: Setting CVar [[r.DOF.Gather.AccumulatorQuality:1        ; higher gathering accumulator quality]]
[2019.09.25-04.51.37:444][  0]LogConfig: Setting CVar [[r.DOF.Gather.PostfilterMethod:1          ; Median3x3 postfilering method]]
[2019.09.25-04.51.37:444][  0]LogConfig: Setting CVar [[r.DOF.Gather.EnableBokehSettings:0       ; no bokeh simulation when gathering]]
[2019.09.25-04.51.37:444][  0]LogConfig: Setting CVar [[r.DOF.Gather.RingCount:4                 ; medium number of samples when gathering]]
[2019.09.25-04.51.37:445][  0]LogConfig: Setting CVar [[r.DOF.Scatter.ForegroundCompositing:1    ; additive foreground scattering]]
[2019.09.25-04.51.37:445][  0]LogConfig: Setting CVar [[r.DOF.Scatter.BackgroundCompositing:2    ; additive background scattering]]
[2019.09.25-04.51.37:445][  0]LogConfig: Setting CVar [[r.DOF.Scatter.EnableBokehSettings:1      ; bokeh simulation when scattering]]
[2019.09.25-04.51.37:445][  0]LogConfig: Setting CVar [[r.DOF.Scatter.MaxSpriteRatio:0.1         ; only a maximum of 10% of scattered bokeh]]
[2019.09.25-04.51.37:445][  0]LogConfig: Setting CVar [[r.DOF.Recombine.Quality:1                ; cheap slight out of focus]]
[2019.09.25-04.51.37:445][  0]LogConfig: Setting CVar [[r.DOF.Recombine.EnableBokehSettings:0    ; no bokeh simulation on slight out of focus]]
[2019.09.25-04.51.37:445][  0]LogConfig: Setting CVar [[r.DOF.TemporalAAQuality:1                ; more stable temporal accumulation]]
[2019.09.25-04.51.37:445][  0]LogConfig: Setting CVar [[r.DOF.Kernel.MaxForegroundRadius:0.025]]
[2019.09.25-04.51.37:445][  0]LogConfig: Setting CVar [[r.DOF.Kernel.MaxBackgroundRadius:0.025]]
[2019.09.25-04.51.37:445][  0]LogConfig: Applying CVar settings from Section [TextureQuality@3] File [D:/Session Automne 2019/Moteur de Jeu III/Exercices Unreal/YRTPProject/Saved/Config/Windows/Scalability.ini]
[2019.09.25-04.51.37:445][  0]LogConfig: Setting CVar [[r.Streaming.MipBias:0]]
[2019.09.25-04.51.37:445][  0]LogConfig: Setting CVar [[r.Streaming.AmortizeCPUToGPUCopy:0]]
[2019.09.25-04.51.37:445][  0]LogConfig: Setting CVar [[r.Streaming.MaxNumTexturesToStreamPerFrame:0]]
[2019.09.25-04.51.37:445][  0]LogConfig: Setting CVar [[r.Streaming.Boost:1]]
[2019.09.25-04.51.37:445][  0]LogConfig: Setting CVar [[r.MaxAnisotropy:8]]
[2019.09.25-04.51.37:445][  0]LogConfig: Setting CVar [[r.Streaming.LimitPoolSizeToVRAM:0]]
[2019.09.25-04.51.37:445][  0]LogConfig: Setting CVar [[r.Streaming.PoolSize:1000]]
[2019.09.25-04.51.37:445][  0]LogConfig: Setting CVar [[r.Streaming.MaxEffectiveScreenSize:0]]
[2019.09.25-04.51.37:445][  0]LogConfig: Applying CVar settings from Section [EffectsQuality@3] File [D:/Session Automne 2019/Moteur de Jeu III/Exercices Unreal/YRTPProject/Saved/Config/Windows/Scalability.ini]
[2019.09.25-04.51.37:445][  0]LogConfig: Setting CVar [[r.TranslucencyLightingVolumeDim:64]]
[2019.09.25-04.51.37:445][  0]LogConfig: Setting CVar [[r.RefractionQuality:2]]
[2019.09.25-04.51.37:445][  0]LogConfig: Setting CVar [[r.SSR.Quality:3]]
[2019.09.25-04.51.37:445][  0]LogConfig: Setting CVar [[r.SceneColorFormat:4]]
[2019.09.25-04.51.37:445][  0]LogConfig: Setting CVar [[r.DetailMode:2]]
[2019.09.25-04.51.37:445][  0]LogConfig: Setting CVar [[r.TranslucencyVolumeBlur:1]]
[2019.09.25-04.51.37:445][  0]LogConfig: Setting CVar [[r.MaterialQualityLevel:1 ; High quality]]
[2019.09.25-04.51.37:445][  0]LogConfig: Setting CVar [[r.SSS.Scale:1]]
[2019.09.25-04.51.37:445][  0]LogConfig: Setting CVar [[r.SSS.SampleSet:2]]
[2019.09.25-04.51.37:445][  0]LogConfig: Setting CVar [[r.SSS.Quality:1]]
[2019.09.25-04.51.37:445][  0]LogConfig: Setting CVar [[r.SSS.HalfRes:1]]
[2019.09.25-04.51.37:445][  0]LogConfig: Setting CVar [[r.EmitterSpawnRateScale:1.0]]
[2019.09.25-04.51.37:445][  0]LogConfig: Setting CVar [[r.ParticleLightQuality:2]]
[2019.09.25-04.51.37:445][  0]LogConfig: Applying CVar settings from Section [FoliageQuality@3] File [D:/Session Automne 2019/Moteur de Jeu III/Exercices Unreal/YRTPProject/Saved/Config/Windows/Scalability.ini]
[2019.09.25-04.51.37:445][  0]LogConfig: Setting CVar [[foliage.DensityScale:1.0]]
[2019.09.25-04.51.37:445][  0]LogConfig: Setting CVar [[grass.DensityScale:1.0]]
[2019.09.25-04.51.37:445][  0]LogConfig: Applying CVar settings from Section [Startup] File [../../../Engine/Config/ConsoleVariables.ini]
[2019.09.25-04.51.37:445][  0]LogConfig: Setting CVar [[net.UseAdaptiveNetUpdateFrequency:0]]
[2019.09.25-04.51.37:445][  0]LogConfig: Setting CVar [[p.chaos.AllowCreatePhysxBodies:1]]
[2019.09.25-04.51.37:445][  0]LogConfig: Applying CVar settings from Section [ConsoleVariables] File [D:/Session Automne 2019/Moteur de Jeu III/Exercices Unreal/YRTPProject/Saved/Config/Windows/Engine.ini]
[2019.09.25-04.51.37:445][  0]LogInit: Computer: DESKTOP-T5B930B
[2019.09.25-04.51.37:445][  0]LogInit: User: rober
[2019.09.25-04.51.37:445][  0]LogInit: CPU Page size=4096, Cores=4
[2019.09.25-04.51.37:445][  0]LogInit: High frequency timer resolution =10.000000 MHz
[2019.09.25-04.51.37:446][  0]LogMemory: Memory total: Physical=11.9GB (12GB approx)
[2019.09.25-04.51.37:446][  0]LogMemory: Platform Memory Stats for Windows
[2019.09.25-04.51.37:446][  0]LogMemory: Process Physical Memory: 96.11 MB used, 96.12 MB peak
[2019.09.25-04.51.37:446][  0]LogMemory: Process Virtual Memory: 90.47 MB used, 90.47 MB peak
[2019.09.25-04.51.37:446][  0]LogMemory: Physical Memory: 5677.04 MB used,  6492.02 MB free, 12169.05 MB total
[2019.09.25-04.51.37:446][  0]LogMemory: Virtual Memory: 4643.76 MB used,  134213088.00 MB free, 134217728.00 MB total
[2019.09.25-04.51.37:462][  0]LogInit: Using OS detected language (fr-CA).
[2019.09.25-04.51.37:462][  0]LogInit: Using OS detected locale (fr-CA).
[2019.09.25-04.51.37:463][  0]LogTextLocalizationManager: No specific localization for 'fr-CA' exists, so the 'fr' localization will be used.
[2019.09.25-04.51.37:463][  0]LogTextLocalizationResource: LocRes '../../../Engine/Content/Localization/Editor/fr/Editor.locres' could not be opened for reading!
[2019.09.25-04.51.37:463][  0]LogTextLocalizationResource: LocRes '../../../Engine/Content/Localization/EditorTutorials/fr/EditorTutorials.locres' could not be opened for reading!
[2019.09.25-04.51.37:463][  0]LogTextLocalizationResource: LocRes '../../../Engine/Content/Localization/Keywords/fr/Keywords.locres' could not be opened for reading!
[2019.09.25-04.51.37:463][  0]LogTextLocalizationResource: LocRes '../../../Engine/Content/Localization/Category/fr/Category.locres' could not be opened for reading!
[2019.09.25-04.51.37:463][  0]LogTextLocalizationResource: LocRes '../../../Engine/Content/Localization/ToolTips/fr/ToolTips.locres' could not be opened for reading!
[2019.09.25-04.51.37:464][  0]LogTextLocalizationResource: LocRes '../../../Engine/Content/Localization/PropertyNames/fr/PropertyNames.locres' could not be opened for reading!
[2019.09.25-04.51.37:464][  0]LogTextLocalizationResource: LocRes '../../../Engine/Content/Localization/Engine/fr/Engine.locres' could not be opened for reading!
[2019.09.25-04.51.37:465][  0]LogInit: Setting process to per monitor DPI aware
[2019.09.25-04.51.37:497][  0]LogSlate: New Slate User Created.  User Index 0, Is Virtual User: 0
[2019.09.25-04.51.37:497][  0]LogSlate: Slate User Registered.  User Index 0, Is Virtual User: 0
[2019.09.25-04.51.37:774][  0]LogHMD: Failed to initialize OpenVR with code 110
[2019.09.25-04.51.37:774][  0]LogD3D11RHI: D3D11 adapters:
[2019.09.25-04.51.37:826][  0]LogD3D11RHI:    0. 'NVIDIA GeForce GTX 1050' (Feature Level 11_0)
[2019.09.25-04.51.37:826][  0]LogD3D11RHI:       4021/0/6084 MB DedicatedVideo/DedicatedSystem/SharedSystem, Outputs:1, VendorId:0x10de
[2019.09.25-04.51.37:834][  0]LogD3D11RHI:    1. 'Intel(R) HD Graphics 630' (Feature Level 11_0)
[2019.09.25-04.51.37:834][  0]LogD3D11RHI:       128/0/6084 MB DedicatedVideo/DedicatedSystem/SharedSystem, Outputs:0, VendorId:0x8086
[2019.09.25-04.51.37:837][  0]LogD3D11RHI:    2. 'Microsoft Basic Render Driver' (Feature Level 11_0)
[2019.09.25-04.51.37:837][  0]LogD3D11RHI:       0/0/6084 MB DedicatedVideo/DedicatedSystem/SharedSystem, Outputs:0, VendorId:0x1414
[2019.09.25-04.51.37:837][  0]LogD3D11RHI: Chosen D3D11 Adapter: 0
[2019.09.25-04.51.37:868][  0]LogD3D11RHI: Creating new Direct3DDevice
[2019.09.25-04.51.37:868][  0]LogD3D11RHI:     GPU DeviceId: 0x1c8d (for the marketing name, search the web for "GPU Device Id")
[2019.09.25-04.51.37:868][  0]LogWindows: EnumDisplayDevices:
[2019.09.25-04.51.37:868][  0]LogWindows:    0. 'Intel(R) HD Graphics 630' (P:1 D:1)
[2019.09.25-04.51.37:869][  0]LogWindows:    1. 'Intel(R) HD Graphics 630' (P:0 D:0)
[2019.09.25-04.51.37:869][  0]LogWindows:    2. 'Intel(R) HD Graphics 630' (P:0 D:0)
[2019.09.25-04.51.37:869][  0]LogWindows: DebugString: PrimaryIsNotTheChoosenAdapter PrimaryIsNotTheChoosenAdapter PrimaryIsNotTheChoosenAdapter FoundDriverCount:0 
[2019.09.25-04.51.37:869][  0]LogD3D11RHI:     Adapter Name: NVIDIA GeForce GTX 1050
[2019.09.25-04.51.37:869][  0]LogD3D11RHI:   Driver Version: Unknown (internal:Unknown, unified:Unknown)
[2019.09.25-04.51.37:869][  0]LogD3D11RHI:      Driver Date: Unknown
[2019.09.25-04.51.37:869][  0]LogRHI: Texture pool is 2814 MB (70% of 4021 MB)
[2019.09.25-04.51.37:909][  0]LogD3D11RHI: Async texture creation enabled
[2019.09.25-04.51.37:913][  0]LogRendererCore: FGlobalReadBuffer::InitRHI
[2019.09.25-04.51.37:914][  0]LogRendererCore: FGlobalReadBuffer::InitRHI
[2019.09.25-04.51.37:914][  0]LogRendererCore: FGlobalReadBuffer::InitRHI
[2019.09.25-04.51.37:928][  0]LogD3D11RHI: GPU Timing Frequency: 1000.000000 (Debug: 2 2)
[2019.09.25-04.51.38:238][  0]LogTemp: Display: Module 'AllDesktopTargetPlatform' loaded TargetPlatform 'AllDesktop'
[2019.09.25-04.51.38:251][  0]LogTemp: Display: Module 'MacClientTargetPlatform' loaded TargetPlatform 'MacClient'
[2019.09.25-04.51.38:263][  0]LogTemp: Display: Module 'MacNoEditorTargetPlatform' loaded TargetPlatform 'MacNoEditor'
[2019.09.25-04.51.38:277][  0]LogTemp: Display: Module 'MacServerTargetPlatform' loaded TargetPlatform 'MacServer'
[2019.09.25-04.51.38:290][  0]LogTemp: Display: Module 'MacTargetPlatform' loaded TargetPlatform 'Mac'
[2019.09.25-04.51.38:304][  0]LogTemp: Display: Module 'WindowsClientTargetPlatform' loaded TargetPlatform 'WindowsClient'
[2019.09.25-04.51.38:317][  0]LogTemp: Display: Module 'WindowsNoEditorTargetPlatform' loaded TargetPlatform 'WindowsNoEditor'
[2019.09.25-04.51.38:330][  0]LogTemp: Display: Module 'WindowsServerTargetPlatform' loaded TargetPlatform 'WindowsServer'
[2019.09.25-04.51.38:336][  0]LogTemp: Display: Module 'WindowsTargetPlatform' loaded TargetPlatform 'Windows'
[2019.09.25-04.51.38:429][  0]LogTemp: Display: Module 'AndroidTargetPlatform' loaded TargetPlatform 'Android'
[2019.09.25-04.51.38:429][  0]LogTemp: Display: Module 'AndroidTargetPlatform' loaded TargetPlatform 'Android_ASTC'
[2019.09.25-04.51.38:429][  0]LogTemp: Display: Module 'AndroidTargetPlatform' loaded TargetPlatform 'Android_ATC'
[2019.09.25-04.51.38:429][  0]LogTemp: Display: Module 'AndroidTargetPlatform' loaded TargetPlatform 'Android_DXT'
[2019.09.25-04.51.38:429][  0]LogTemp: Display: Module 'AndroidTargetPlatform' loaded TargetPlatform 'Android_ETC1'
[2019.09.25-04.51.38:429][  0]LogTemp: Display: Module 'AndroidTargetPlatform' loaded TargetPlatform 'Android_ETC1a'
[2019.09.25-04.51.38:429][  0]LogTemp: Display: Module 'AndroidTargetPlatform' loaded TargetPlatform 'Android_ETC2'
[2019.09.25-04.51.38:429][  0]LogTemp: Display: Module 'AndroidTargetPlatform' loaded TargetPlatform 'Android_PVRTC'
[2019.09.25-04.51.38:429][  0]LogTemp: Display: Module 'AndroidTargetPlatform' loaded TargetPlatform 'AndroidClient'
[2019.09.25-04.51.38:429][  0]LogTemp: Display: Module 'AndroidTargetPlatform' loaded TargetPlatform 'Android_ASTCClient'
[2019.09.25-04.51.38:429][  0]LogTemp: Display: Module 'AndroidTargetPlatform' loaded TargetPlatform 'Android_ATCClient'
[2019.09.25-04.51.38:429][  0]LogTemp: Display: Module 'AndroidTargetPlatform' loaded TargetPlatform 'Android_DXTClient'
[2019.09.25-04.51.38:429][  0]LogTemp: Display: Module 'AndroidTargetPlatform' loaded TargetPlatform 'Android_ETC1Client'
[2019.09.25-04.51.38:429][  0]LogTemp: Display: Module 'AndroidTargetPlatform' loaded TargetPlatform 'Android_ETC1aClient'
[2019.09.25-04.51.38:429][  0]LogTemp: Display: Module 'AndroidTargetPlatform' loaded TargetPlatform 'Android_ETC2Client'
[2019.09.25-04.51.38:429][  0]LogTemp: Display: Module 'AndroidTargetPlatform' loaded TargetPlatform 'Android_PVRTCClient'
[2019.09.25-04.51.38:429][  0]LogTemp: Display: Module 'AndroidTargetPlatform' loaded TargetPlatform 'Android_Multi'
[2019.09.25-04.51.38:429][  0]LogTemp: Display: Module 'AndroidTargetPlatform' loaded TargetPlatform 'Android_MultiClient'
[2019.09.25-04.51.38:430][  0]LogTemp: Display: Module 'HTML5TargetPlatform' loaded TargetPlatform 'HTML5'
[2019.09.25-04.51.38:480][  0]LogTemp: Display: Module 'IOSTargetPlatform' loaded TargetPlatform 'IOSClient'
[2019.09.25-04.51.38:480][  0]LogTemp: Display: Module 'IOSTargetPlatform' loaded TargetPlatform 'IOS'
[2019.09.25-04.51.38:507][  0]LogTemp: Display: Module 'TVOSTargetPlatform' loaded TargetPlatform 'TVOSClient'
[2019.09.25-04.51.38:507][  0]LogTemp: Display: Module 'TVOSTargetPlatform' loaded TargetPlatform 'TVOS'
[2019.09.25-04.51.38:525][  0]LogTemp: Display: Module 'LinuxClientTargetPlatform' loaded TargetPlatform 'LinuxClient'
[2019.09.25-04.51.38:540][  0]LogTemp: Display: Module 'LinuxNoEditorTargetPlatform' loaded TargetPlatform 'LinuxNoEditor'
[2019.09.25-04.51.38:555][  0]LogTemp: Display: Module 'LinuxServerTargetPlatform' loaded TargetPlatform 'LinuxServer'
[2019.09.25-04.51.38:571][  0]LogTemp: Display: Module 'LinuxTargetPlatform' loaded TargetPlatform 'Linux'
[2019.09.25-04.51.38:617][  0]LogTemp: Display: Module 'LuminTargetPlatform' loaded TargetPlatform 'Lumin'
[2019.09.25-04.51.38:617][  0]LogTemp: Display: Module 'LuminTargetPlatform' loaded TargetPlatform 'LuminClient'
[2019.09.25-04.51.38:617][  0]LogTargetPlatformManager: Display: Building Assets For Windows
[2019.09.25-04.51.38:626][  0]LogAudioDebug: Display: Lib vorbis DLL was dynamically loaded.
[2019.09.25-04.51.38:666][  0]LogShaderCompilers: Guid format shader working directory is -34 characters bigger than the processId version (../../../../Session Automne 2019/Moteur de Jeu III/Exercices Unreal/YRTPProject/Intermediate/Shaders/WorkingDirectory/14256/).
[2019.09.25-04.51.38:666][  0]LogShaderCompilers: Cleaned the shader compiler working directory 'C:/Users/rober/AppData/Local/Temp/UnrealShaderWorkingDir/3649A17147E7BF0594FF4C9D272C7B76/'.
[2019.09.25-04.51.38:667][  0]LogXGEController: Cannot use XGE Controller as Incredibuild is not installed on this machine.
[2019.09.25-04.51.38:667][  0]LogShaderCompilers: Cannot use XGE Shader Compiler as Incredibuild is not installed on this machine.
[2019.09.25-04.51.38:667][  0]LogShaderCompilers: Display: Using Local Shader Compiler.
[2019.09.25-04.51.39:347][  0]LogDerivedDataCache: Display: Max Cache Size: 512 MB
[2019.09.25-04.51.39:405][  0]LogDerivedDataCache: Loaded boot cache 0.06s 75MB C:/Users/rober/AppData/Local/UnrealEngine/4.22/DerivedDataCache/Boot.ddc.
[2019.09.25-04.51.39:405][  0]LogDerivedDataCache: Display: Loaded Boot cache: C:/Users/rober/AppData/Local/UnrealEngine/4.22/DerivedDataCache/Boot.ddc
[2019.09.25-04.51.39:405][  0]LogDerivedDataCache: FDerivedDataBackendGraph:  Pak pak cache file ../../../../Session Automne 2019/Moteur de Jeu III/Exercices Unreal/YRTPProject/DerivedDataCache/DDC.ddp not found, will not use a pak cache.
[2019.09.25-04.51.39:405][  0]LogDerivedDataCache: Unable to find inner node Pak for hierarchical cache Hierarchy.
[2019.09.25-04.51.39:405][  0]LogDerivedDataCache: FDerivedDataBackendGraph:  CompressedPak pak cache file ../../../../Session Automne 2019/Moteur de Jeu III/Exercices Unreal/YRTPProject/DerivedDataCache/Compressed.ddp not found, will not use a pak cache.
[2019.09.25-04.51.39:405][  0]LogDerivedDataCache: Unable to find inner node CompressedPak for hierarchical cache Hierarchy.
[2019.09.25-04.51.39:419][  0]LogDerivedDataCache: Display: Pak cache opened for reading ../../../Engine/DerivedDataCache/Compressed.ddp.
[2019.09.25-04.51.39:419][  0]LogDerivedDataCache: FDerivedDataBackendGraph:  EnterprisePak pak cache file ../../../Enterprise/DerivedDataCache/Compressed.ddp not found, will not use a pak cache.
[2019.09.25-04.51.39:419][  0]LogDerivedDataCache: Unable to find inner node EnterprisePak for hierarchical cache Hierarchy.
[2019.09.25-04.51.39:433][  0]LogDerivedDataCache: Using Local data cache path C:/Users/rober/AppData/Local/UnrealEngine/Common/DerivedDataCache: Writable
[2019.09.25-04.51.39:433][  0]LogDerivedDataCache: Shared data cache path not found in *engine.ini, will not use an Shared cache.
[2019.09.25-04.51.39:433][  0]LogDerivedDataCache: Unable to find inner node Shared for hierarchical cache Hierarchy.
[2019.09.25-04.51.39:458][  0]LogMaterial: Verifying Global Shaders for PCD3D_SM5
[2019.09.25-04.51.39:460][  0]LogSlate: Using FreeType 2.6.0
[2019.09.25-04.51.39:460][  0]LogSlate: SlateFontServices - WITH_FREETYPE: 1, WITH_HARFBUZZ: 1
[2019.09.25-04.51.39:555][  0]LogAssetRegistry: FAssetRegistry took 0.0331 seconds to start up
[2019.09.25-04.51.39:912][  0]LogInit: Selected Device Profile: [Windows]
[2019.09.25-04.51.40:070][  0]LogMeshReduction: Using QuadricMeshReduction for automatic static mesh reduction
[2019.09.25-04.51.40:070][  0]LogMeshReduction: Using SimplygonMeshReduction for automatic skeletal mesh reduction
[2019.09.25-04.51.40:070][  0]LogMeshReduction: Using ProxyLODMeshReduction for automatic mesh merging
[2019.09.25-04.51.40:070][  0]LogMeshReduction: No distributed automatic mesh merging module available
[2019.09.25-04.51.40:070][  0]LogMeshMerging: No distributed automatic mesh merging module available
[2019.09.25-04.51.40:086][  0]LogNetVersion: YRTPProject 1.0.0, NetCL: 5660361, EngineNetVer: 10, GameNetVer: 0 (Checksum: 2501776186)
[2019.09.25-04.51.40:597][  0]LogPackageLocalizationCache: Processed 10 localized package path(s) for 1 prioritized culture(s) in 0.057293 seconds
[2019.09.25-04.51.40:607][  0]LogUObjectArray: 42205 objects as part of root set at end of initial load.
[2019.09.25-04.51.40:607][  0]LogUObjectAllocator: 7325032 out of 0 bytes used by permanent object pool.
[2019.09.25-04.51.40:607][  0]LogUObjectArray: CloseDisregardForGC: 0/0 objects in disregard for GC pool
[2019.09.25-04.51.41:590][  0]LogTcpMessaging: Initializing TcpMessaging bridge
[2019.09.25-04.51.41:604][  0]LogUdpMessaging: Initializing bridge on interface 0.0.0.0:0 to multicast group 230.0.0.1:6666.
[2019.09.25-04.51.42:080][  0]SourceControl: Source control is disabled
[2019.09.25-04.51.42:080][  0]SourceControl: Source control is disabled
[2019.09.25-04.51.42:081][  0]SourceControl: Source control is disabled
[2019.09.25-04.51.42:081][  0]SourceControl: Source control is disabled
[2019.09.25-04.51.42:152][  0]LogAndroidPermission: UAndroidPermissionCallbackProxy::GetInstance
[2019.09.25-04.51.42:219][  0]LogOcInput: OculusInput pre-init called
[2019.09.25-04.51.43:101][  0]LogEngine: Initializing Engine...
[2019.09.25-04.51.43:101][  0]LogHMD: Failed to initialize OpenVR with code 110
[2019.09.25-04.51.43:102][  0]LogStats: UGameplayTagsManager::InitializeManager -  0.000 s
[2019.09.25-04.51.43:363][  0]LogInit: Initializing FReadOnlyCVARCache
[2019.09.25-04.51.43:377][  0]LogAIModule: Creating AISystem for world Untitled
[2019.09.25-04.51.43:447][  0]LogInit: XAudio2 using 'Haut-parleurs (2- Realtek High Definition Audio)' : 2 channels at 48 kHz using 32 bits per sample (channel mask 0x3)
[2019.09.25-04.51.43:526][  0]LogInit: FAudioDevice initialized.
[2019.09.25-04.51.43:527][  0]LogNetVersion: Set ProjectVersion to 1.0.0.0. Version Checksum will be recalculated on next use.
[2019.09.25-04.51.43:604][  0]LogDerivedDataCache: Saved boot cache 0.08s 75MB C:/Users/rober/AppData/Local/UnrealEngine/4.22/DerivedDataCache/Boot.ddc.
[2019.09.25-04.51.43:616][  0]LogInit: Texture streaming: Enabled
[2019.09.25-04.51.43:631][  0]LogEngineSessionManager: EngineSessionManager initialized
[2019.09.25-04.51.43:646][  0]LogInit: Transaction tracking system initialized
[2019.09.25-04.51.43:665][  0]BlueprintLog: New page: Editor Load
[2019.09.25-04.51.43:737][  0]LocalizationService: Localization service is disabled
[2019.09.25-04.51.44:030][  0]LogFileCache: Scanning file cache for directory 'D:/Session Automne 2019/Moteur de Jeu III/Exercices Unreal/YRTPProject/Content/' took 0.02s
[2019.09.25-04.51.44:030][  0]LogCook: Display: Max memory allowance for cook 16384mb min free memory 0mb
[2019.09.25-04.51.44:030][  0]LogCook: Display: Mobile HDR setting 1
[2019.09.25-04.51.44:205][  0]SourceControl: Source control is disabled
[2019.09.25-04.51.44:205][  0]Cmd: MAP LOAD FILE="../../../../Session Automne 2019/Moteur de Jeu III/Exercices Unreal/YRTPProject/Content/ThirdPersonCPP/Maps/ThirdPersonExampleMap.umap" TEMPLATE=0 SHOWPROGRESS=1 FEATURELEVEL=3
[2019.09.25-04.51.44:210][  0]LightingResults: New page: Lighting Build
[2019.09.25-04.51.44:213][  0]MapCheck: New page: Map Check
[2019.09.25-04.51.44:213][  0]LightingResults: New page: Lighting Build
[2019.09.25-04.51.44:243][  0]LogUObjectHash: Compacting FUObjectHashTables data took   1.93ms
[2019.09.25-04.51.44:531][  0]LogAIModule: Creating AISystem for world ThirdPersonExampleMap
[2019.09.25-04.51.44:573][  0]LogEditorServer: Finished looking for orphan Actors (0.000 secs)
[2019.09.25-04.51.44:600][  0]LogUObjectHash: Compacting FUObjectHashTables data took   2.18ms
[2019.09.25-04.51.44:600][  0]Cmd: MAP CHECKDEP NOCLEARLOG
[2019.09.25-04.51.44:601][  0]MapCheck: Map check complete: 0 Error(s), 0 Warning(s), took 0,118ms to complete.
[2019.09.25-04.51.44:601][  0]LogFileHelpers: Loading map 'ThirdPersonExampleMap' took 0.396
[2019.09.25-04.51.44:774][  0]LogSlate: Updating window title bar state: overlay mode, drag disabled, window buttons hidden, title bar hidden
[2019.09.25-04.51.44:782][  0]LogSlate: Updating window title bar state: overlay mode, drag disabled, window buttons hidden, title bar hidden
[2019.09.25-04.51.44:791][  0]LogSlate: Updating window title bar state: overlay mode, drag disabled, window buttons hidden, title bar hidden
[2019.09.25-04.51.44:799][  0]LogSlate: Updating window title bar state: overlay mode, drag disabled, window buttons hidden, title bar hidden
[2019.09.25-04.51.44:814][  0]LogCollectionManager: Loaded 0 collections in 0.001418 seconds
[2019.09.25-04.51.44:877][  0]LogFileCache: Scanning file cache for directory 'D:/Session Automne 2019/Moteur de Jeu III/Exercices Unreal/YRTPProject/Saved/Collections/' took 0.01s
[2019.09.25-04.51.44:877][  0]LogFileCache: Scanning file cache for directory 'D:/Session Automne 2019/Moteur de Jeu III/Exercices Unreal/YRTPProject/Content/Developers/rober/Collections/' took 0.01s
[2019.09.25-04.51.44:877][  0]LogFileCache: Scanning file cache for directory 'D:/Session Automne 2019/Moteur de Jeu III/Exercices Unreal/YRTPProject/Content/Collections/' took 0.01s
[2019.09.25-04.51.44:877][  0]LogCollectionManager: Rebuilt the GUID cache for 0 collections in 0.000000 seconds
[2019.09.25-04.51.44:889][  0]LogContentBrowser: Native class hierarchy populated in 0.0098 seconds. Added 2734 classes and 661 folders.
[2019.09.25-04.51.44:904][  0]LogContentBrowser: Native class hierarchy updated for 'WidgetCarousel' in 0.0006 seconds. Added 0 classes and 0 folders.
[2019.09.25-04.51.44:915][  0]LogPakFile: Registered encryption key '00000000000000000000000000000000': 0 pak files mounted, 0 remain pending
[2019.09.25-04.51.44:920][  0]LogPakFile: Registered encryption key '00000000000000000000000000000000': 0 pak files mounted, 0 remain pending
[2019.09.25-04.51.44:921][  0]LogPakFile: Registered encryption key '00000000000000000000000000000000': 0 pak files mounted, 0 remain pending
[2019.09.25-04.51.44:921][  0]LogPakFile: Registered encryption key '00000000000000000000000000000000': 0 pak files mounted, 0 remain pending
[2019.09.25-04.51.44:922][  0]LogPakFile: Registered encryption key '00000000000000000000000000000000': 0 pak files mounted, 0 remain pending
[2019.09.25-04.51.44:923][  0]LogPakFile: Registered encryption key '00000000000000000000000000000000': 0 pak files mounted, 0 remain pending
[2019.09.25-04.51.44:923][  0]LogPakFile: Registered encryption key '00000000000000000000000000000000': 0 pak files mounted, 0 remain pending
[2019.09.25-04.51.44:924][  0]LogPakFile: Registered encryption key '00000000000000000000000000000000': 0 pak files mounted, 0 remain pending
[2019.09.25-04.51.44:925][  0]LogPakFile: Registered encryption key '00000000000000000000000000000000': 0 pak files mounted, 0 remain pending
[2019.09.25-04.51.44:925][  0]LogPakFile: Registered encryption key '00000000000000000000000000000000': 0 pak files mounted, 0 remain pending
[2019.09.25-04.51.44:926][  0]LogPakFile: Registered encryption key '00000000000000000000000000000000': 0 pak files mounted, 0 remain pending
[2019.09.25-04.51.44:927][  0]LogPakFile: Registered encryption key '00000000000000000000000000000000': 0 pak files mounted, 0 remain pending
[2019.09.25-04.51.44:927][  0]LogPakFile: Registered encryption key '00000000000000000000000000000000': 0 pak files mounted, 0 remain pending
[2019.09.25-04.51.44:928][  0]LogPakFile: Registered encryption key '00000000000000000000000000000000': 0 pak files mounted, 0 remain pending
[2019.09.25-04.51.44:929][  0]LogPakFile: Registered encryption key '00000000000000000000000000000000': 0 pak files mounted, 0 remain pending
[2019.09.25-04.51.44:929][  0]LogPakFile: Registered encryption key '00000000000000000000000000000000': 0 pak files mounted, 0 remain pending
[2019.09.25-04.51.44:930][  0]LogPakFile: Registered encryption key '00000000000000000000000000000000': 0 pak files mounted, 0 remain pending
[2019.09.25-04.51.44:931][  0]LogPakFile: Registered encryption key '00000000000000000000000000000000': 0 pak files mounted, 0 remain pending
[2019.09.25-04.51.44:932][  0]LogPakFile: Registered encryption key '00000000000000000000000000000000': 0 pak files mounted, 0 remain pending
[2019.09.25-04.51.44:933][  0]LogPakFile: Registered encryption key '00000000000000000000000000000000': 0 pak files mounted, 0 remain pending
[2019.09.25-04.51.44:933][  0]LogPakFile: Registered encryption key '00000000000000000000000000000000': 0 pak files mounted, 0 remain pending
[2019.09.25-04.51.44:934][  0]LogPakFile: Registered encryption key '00000000000000000000000000000000': 0 pak files mounted, 0 remain pending
[2019.09.25-04.51.44:935][  0]LogPakFile: Registered encryption key '00000000000000000000000000000000': 0 pak files mounted, 0 remain pending
[2019.09.25-04.51.44:936][  0]LogPakFile: Registered encryption key '00000000000000000000000000000000': 0 pak files mounted, 0 remain pending
[2019.09.25-04.51.44:937][  0]LogPakFile: Registered encryption key '00000000000000000000000000000000': 0 pak files mounted, 0 remain pending
[2019.09.25-04.51.44:937][  0]LogPakFile: Registered encryption key '00000000000000000000000000000000': 0 pak files mounted, 0 remain pending
[2019.09.25-04.51.44:990][  0]LogContentBrowser: Native class hierarchy updated for 'AddContentDialog' in 0.0005 seconds. Added 0 classes and 0 folders.
[2019.09.25-04.51.45:013][  0]LogContentBrowser: Native class hierarchy updated for 'SceneOutliner' in 0.0005 seconds. Added 1 classes and 2 folders.
[2019.09.25-04.51.45:087][  0]LogSlate: Took 0.000299 seconds to synchronously load lazily loaded font '../../../Engine/Content/Slate/Fonts/Roboto-Regular.ttf' (155K)
[2019.09.25-04.51.45:092][  0]LogSlate: Took 0.000810 seconds to synchronously load lazily loaded font '../../../Engine/Content/Slate/Fonts/Roboto-Bold.ttf' (160K)
[2019.09.25-04.51.45:106][  0]LogSlate: Took 0.006785 seconds to synchronously load lazily loaded font '../../../Engine/Content/Editor/Slate/Fonts/FontAwesome.ttf' (139K)
[2019.09.25-04.51.45:221][  0]LogRenderer: Reallocating scene render targets to support 844x436 Format 10 NumSamples 1 (Frame:1).
[2019.09.25-04.51.45:509][  0]LogContentBrowser: Native class hierarchy updated for 'HierarchicalLODOutliner' in 0.0004 seconds. Added 0 classes and 0 folders.
[2019.09.25-04.51.45:509][  0]LogLoad: (Engine Initialization) Total time: 10.28 seconds
[2019.09.25-04.51.45:509][  0]LogLoad: (Engine Initialization) Total Blueprint compile time: 0.00 seconds
[2019.09.25-04.51.45:553][  0]LogAssetRegistry: Asset discovery search completed in 6.0202 seconds
[2019.09.25-04.51.45:555][  0]LogCollectionManager: Rebuilt the object cache for 0 collections in 0.000000 seconds (found 0 objects)
[2019.09.25-04.51.45:555][  0]LogCollectionManager: Fixed up redirectors for 0 collections in 0.000064 seconds (updated 0 objects)
[2019.09.25-04.51.45:566][  0]LogContentStreaming: Texture pool size now 1000 MB
[2019.09.25-04.51.45:598][  0]LogSlate: Took 0.005617 seconds to synchronously load lazily loaded font '../../../Engine/Content/Slate/Fonts/Roboto-Light.ttf' (167K)
[2019.09.25-04.51.51:295][106]LogEditorViewport: Clicking on Actor (LMB): StaticMeshActor (Floor)
[2019.09.25-04.51.57:454][458]LogSlate: FSceneViewport::OnFocusLost() reason 0
[2019.09.25-04.52.12:937][465]LogSlate: Took 0.000253 seconds to synchronously load lazily loaded font '../../../Engine/Content/Slate/Fonts/Roboto-Light.ttf' (167K)
[2019.09.25-04.52.13:453][465]LogD3D11RHI: Timed out while waiting for GPU to catch up. (0.5 s)
[2019.09.25-04.52.13:502][465]LogFactory: FactoryCreateFile: StaticMesh with FbxFactory (0 0 ../../../../Session Automne 2019/Moteur de Jeu III/Exercices Unreal/YRTPProjectAssets/kachujin_g_rosales.fbx)
[2019.09.25-04.52.13:958][465]LogD3D11RHI: Timed out while waiting for GPU to catch up. (0.5 s)
[2019.09.25-04.52.14:463][465]LogD3D11RHI: Timed out while waiting for GPU to catch up. (0.5 s)
[2019.09.25-04.52.16:089][465]LogD3D11RHI: Timed out while waiting for GPU to catch up. (0.5 s)
[2019.09.25-04.52.16:353][465]LogRHI: Error: SyncInterval 0
[2019.09.25-04.52.16:353][465]LogRHI: Error: SwapChainDesc.BufferDesc.Width 810
[2019.09.25-04.52.16:353][465]LogRHI: Error: SwapChainDesc.BufferDesc.Height 122
[2019.09.25-04.52.16:353][465]LogRHI: Error: SwapChainDesc.BufferDesc.RefreshRate.Numerator 0
[2019.09.25-04.52.16:353][465]LogRHI: Error: SwapChainDesc.BufferDesc.RefreshRate.Denominator 0
[2019.09.25-04.52.16:353][465]LogRHI: Error: SwapChainDesc.BufferDesc.Format 24
[2019.09.25-04.52.16:353][465]LogRHI: Error: SwapChainDesc.BufferDesc.ScanlineOrdering 0
[2019.09.25-04.52.16:353][465]LogRHI: Error: SwapChainDesc.BufferDesc.Scaling 0
[2019.09.25-04.52.16:353][465]LogRHI: Error: SwapChainDesc.SampleDesc.Count 1
[2019.09.25-04.52.16:353][465]LogRHI: Error: SwapChainDesc.SampleDesc.Quality 0
[2019.09.25-04.52.16:353][465]LogRHI: Error: SwapChainDesc.BufferUsage 48
[2019.09.25-04.52.16:353][465]LogRHI: Error: SwapChainDesc.BufferCount 1
[2019.09.25-04.52.16:353][465]LogRHI: Error: SwapChainDesc.OutputWindow 00000000000D07E0
[2019.09.25-04.52.16:353][465]LogRHI: Error: SwapChainDesc.Windowed true
[2019.09.25-04.52.16:353][465]LogRHI: Error: SwapChainDesc.SwapEffect 0
[2019.09.25-04.52.16:353][465]LogRHI: Error: SwapChainDesc.Flags 2
[2019.09.25-04.52.16:353][465]LogD3D11RHI: Error: Result failed 
 at D:\Build\++UE4\Sync\Engine\Source\Runtime\Windows\D3D11RHI\Private\D3D11Viewport.cpp:361 
 with error DXGI_ERROR_DEVICE_REMOVED DXGI_ERROR_DEVICE_RESET
[2019.09.25-04.52.16:353][465]LogD3D11RHI: [Aftermath] GDynamicRHI=000002376319A0C0, GDX11NVAfterMathEnabled=0, Result=0xFFFFFFFF, bDeviceActive=0
[2019.09.25-04.52.16:353][465]LogWindows: Windows GetLastError: L’opération a réussi. (0)
[2019.09.25-04.52.18:905][465]LogOutputDevice: Warning: 

Script Stack (0 frames):

[2019.09.25-04.52.18:905][465]LogWindows: Windows GetLastError: L’opération a réussi. (0)
[2019.09.25-04.52.18:910][465]LogThreadingWindows: Error: Runnable thread RenderThread 1 crashed.
[2019.09.25-04.52.18:910][465]LogWindows: Error: === Critical error: ===
[2019.09.25-04.52.18:910][465]LogWindows: Error: 
[2019.09.25-04.52.18:910][465]LogWindows: Error: Fatal error: [File:D:\Build\++UE4\Sync\Engine\Source\Runtime\RenderCore\Private\RenderingThread.cpp] [Line: 819] 
[2019.09.25-04.52.18:910][465]LogWindows: Error: Rendering thread exception:
[2019.09.25-04.52.18:910][465]LogWindows: Error: Fatal error: [File:D:\Build\++UE4\Sync\Engine\Source\Runtime\Windows\D3D11RHI\Private\D3D11Util.cpp] [Line: 198] 
[2019.09.25-04.52.18:910][465]LogWindows: Error: Unreal Engine is exiting due to D3D device being lost. (Error: 0x887A0007 - 'RESET')
[2019.09.25-04.52.18:910][465]LogWindows: Error: 
[2019.09.25-04.52.18:910][465]LogWindows: Error: 
[2019.09.25-04.52.18:910][465]LogWindows: Error: Unhandled Exception: 0x00008000
[2019.09.25-04.52.18:910][465]LogWindows: Error: 
[2019.09.25-04.52.18:910][465]LogWindows: Error: [Callstack] 0x00007ffd5bfda839 KERNELBASE.dll!UnknownFunction []
[2019.09.25-04.52.18:910][465]LogWindows: Error: [Callstack] 0x00007ffd183a3667 UE4Editor-Core.dll!UnknownFunction []
[2019.09.25-04.52.18:910][465]LogWindows: Error: [Callstack] 0x00007ffd183a46e0 UE4Editor-Core.dll!UnknownFunction []
[2019.09.25-04.52.18:910][465]LogWindows: Error: [Callstack] 0x00007ffd181b7d1a UE4Editor-Core.dll!UnknownFunction []
[2019.09.25-04.52.18:910][465]LogWindows: Error: [Callstack] 0x00007ffd1813fe33 UE4Editor-Core.dll!UnknownFunction []
[2019.09.25-04.52.18:910][465]LogWindows: Error: [Callstack] 0x00007ffd1813fd18 UE4Editor-Core.dll!UnknownFunction []
[2019.09.25-04.52.18:910][465]LogWindows: Error: [Callstack] 0x00007ffd0a882a23 UE4Editor-D3D11RHI.dll!UnknownFunction []
[2019.09.25-04.52.18:910][465]LogWindows: Error: [Callstack] 0x00007ffd0a88629e UE4Editor-D3D11RHI.dll!UnknownFunction []
[2019.09.25-04.52.18:910][465]LogWindows: Error: [Callstack] 0x00007ffd0a86875e UE4Editor-D3D11RHI.dll!UnknownFunction []
[2019.09.25-04.52.18:910][465]LogWindows: Error: [Callstack] 0x00007ffd0a87480b UE4Editor-D3D11RHI.dll!UnknownFunction []
[2019.09.25-04.52.18:910][465]LogWindows: Error: [Callstack] 0x00007ffd2807e8e0 UE4Editor-RHI.dll!UnknownFunction []
[2019.09.25-04.52.18:910][465]LogWindows: Error: [Callstack] 0x00007ffd2807e4c4 UE4Editor-RHI.dll!UnknownFunction []
[2019.09.25-04.52.18:910][465]LogWindows: Error: [Callstack] 0x00007ffd2807f444 UE4Editor-RHI.dll!UnknownFunction []
[2019.09.25-04.52.18:910][465]LogWindows: Error: [Callstack] 0x00007ffd28076bb4 UE4Editor-RHI.dll!UnknownFunction []
[2019.09.25-04.52.18:910][465]LogWindows: Error: [Callstack] 0x00007ffd0a60769b UE4Editor-SlateRHIRenderer.dll!UnknownFunction []
[2019.09.25-04.52.18:910][465]LogWindows: Error: [Callstack] 0x00007ffd0a60e220 UE4Editor-SlateRHIRenderer.dll!UnknownFunction []
[2019.09.25-04.52.18:910][465]LogWindows: Error: [Callstack] 0x00007ffd17fc22d8 UE4Editor-Core.dll!UnknownFunction []
[2019.09.25-04.52.18:910][465]LogWindows: Error: [Callstack] 0x00007ffd17fc2563 UE4Editor-Core.dll!UnknownFunction []
[2019.09.25-04.52.18:910][465]LogWindows: Error: [Callstack] 0x00007ffd2f3559f1 UE4Editor-RenderCore.dll!UnknownFunction []
[2019.09.25-04.52.18:910][465]LogWindows: Error: [Callstack] 0x00007ffd2f35c184 UE4Editor-RenderCore.dll!UnknownFunction []
[2019.09.25-04.52.18:910][465]LogWindows: Error: [Callstack] 0x00007ffd183b4b3f UE4Editor-Core.dll!UnknownFunction []
[2019.09.25-04.52.18:910][465]LogWindows: Error: [Callstack] 0x00007ffd183b08a7 UE4Editor-Core.dll!UnknownFunction []
[2019.09.25-04.52.18:910][465]LogWindows: Error: [Callstack] 0x00007ffd5e217bd4 KERNEL32.DLL!UnknownFunction []
[2019.09.25-04.52.18:910][465]LogWindows: Error: [Callstack] 0x00007ffd5ef4cee1 ntdll.dll!UnknownFunction []
[2019.09.25-04.52.18:910][465]LogWindows: Error: 
[2019.09.25-04.52.18:910][465]LogWindows: Error: 
[2019.09.25-04.52.18:910][465]LogWindows: Error: 
[2019.09.25-04.52.18:910][465]LogWindows: Error: 
[2019.09.25-04.52.18:910][465]LogWindows: Error: Crash in runnable thread RenderThread 1
[2019.09.25-04.52.18:920][465]LogWindows: Error: HandleError re-entered.
[2019.09.25-04.52.18:958][465]LogExit: Executing StaticShutdownAfterError
[2019.09.25-04.52.18:958][465]LogWindows: FPlatformMisc::RequestExit(1)
[2019.09.25-04.52.18:958][465]LogWindows: FPlatformMisc::RequestExit(1)
[2019.09.25-04.52.18:964][465]Log file closed, 09/25/19 00:52:18
